This file contains any messages produced by compilers while
running configure, to aid debugging if configure makes a mistake.

It was created by configure, which was
generated by GNU Autoconf 2.61.  Invocation command line was

  $ ./configure 

## --------- ##
## Platform. ##
## --------- ##

hostname = luke
uname -m = i686
uname -r = 2.6.20-16-386
uname -s = Linux
uname -v = #2 Thu Jun 7 20:16:13 UTC 2007

/usr/bin/uname -p = unknown
/bin/uname -X     = unknown

/bin/arch              = i686
/usr/bin/arch -k       = unknown
/usr/convex/getsysinfo = unknown
/usr/bin/hostinfo      = unknown
/bin/machine           = unknown
/usr/bin/oslevel       = unknown
/bin/universe          = unknown

PATH: /usr/local/sbin
PATH: /usr/local/bin
PATH: /usr/sbin
PATH: /usr/bin
PATH: /sbin
PATH: /bin
PATH: /usr/bin/X11
PATH: /usr/games


## ----------- ##
## Core tests. ##
## ----------- ##

configure:1968: checking for a BSD-compatible install
configure:2024: result: /usr/bin/install -c
configure:2035: checking whether build environment is sane
configure:2078: result: yes
configure:2093: checking whether make sets $(MAKE)
configure:2114: result: yes
configure:2146: checking for working aclocal-1.4
configure:2153: result: found
configure:2161: checking for working autoconf
configure:2168: result: found
configure:2176: checking for working automake-1.4
configure:2183: result: found
configure:2191: checking for working autoheader
configure:2198: result: found
configure:2206: checking for working makeinfo
configure:2213: result: found
configure:2233: checking build system type
configure:2251: result: i686-pc-linux-gnu
configure:2273: checking host system type
configure:2288: result: i686-pc-linux-gnu
configure:2358: checking for gcc
configure:2374: found /usr/bin/gcc
configure:2385: result: gcc
configure:2623: checking for C compiler version
configure:2630: gcc --version >&5
gcc (GCC) 4.1.2 (Ubuntu 4.1.2-0ubuntu4)
Copyright (C) 2006 Free Software Foundation, Inc.
This is free software; see the source for copying conditions.  There is NO
warranty; not even for MERCHANTABILITY or FITNESS FOR A PARTICULAR PURPOSE.

configure:2633: $? = 0
configure:2640: gcc -v >&5
Using built-in specs.
Target: i486-linux-gnu
Configured with: ../src/configure -v --enable-languages=c,c++,fortran,objc,obj-c++,treelang --prefix=/usr --enable-shared --with-system-zlib --libexecdir=/usr/lib --without-included-gettext --enable-threads=posix --enable-nls --program-suffix=-4.1 --enable-__cxa_atexit --enable-clocale=gnu --enable-libstdcxx-debug --enable-mpfr --enable-checking=release i486-linux-gnu
Thread model: posix
gcc version 4.1.2 (Ubuntu 4.1.2-0ubuntu4)
configure:2643: $? = 0
configure:2650: gcc -V >&5
gcc: '-V' option must have argument
configure:2653: $? = 1
configure:2676: checking for C compiler default output file name
configure:2703: gcc    conftest.c  >&5
configure:2706: $? = 0
configure:2744: result: a.out
configure:2761: checking whether the C compiler works
configure:2771: ./a.out
configure:2774: $? = 0
configure:2791: result: yes
configure:2798: checking whether we are cross compiling
configure:2800: result: no
configure:2803: checking for suffix of executables
configure:2810: gcc -o conftest    conftest.c  >&5
configure:2813: $? = 0
configure:2837: result: 
configure:2843: checking for suffix of object files
configure:2869: gcc -c   conftest.c >&5
configure:2872: $? = 0
configure:2895: result: o
configure:2899: checking whether we are using the GNU C compiler
configure:2928: gcc -c   conftest.c >&5
configure:2934: $? = 0
configure:2951: result: yes
configure:2956: checking whether gcc accepts -g
configure:2986: gcc -c -g  conftest.c >&5
configure:2992: $? = 0
configure:3091: result: yes
configure:3108: checking for gcc option to accept ISO C89
configure:3182: gcc  -c -g -O2  conftest.c >&5
configure:3188: $? = 0
configure:3211: result: none needed
configure:3301: checking for a sed that does not truncate output
configure:3355: result: /bin/sed
configure:3358: checking for grep that handles long lines and -e
configure:3432: result: /bin/grep
configure:3437: checking for egrep
configure:3515: result: /bin/grep -E
configure:3531: checking for ld used by gcc
configure:3598: result: /usr/bin/ld
configure:3607: checking if the linker (/usr/bin/ld) is GNU ld
configure:3622: result: yes
configure:3627: checking for /usr/bin/ld option to reload object files
configure:3634: result: -r
configure:3652: checking for BSD-compatible nm
configure:3701: result: /usr/bin/nm -B
configure:3705: checking whether ln -s works
configure:3709: result: yes
configure:3716: checking how to recognise dependent libraries
configure:3892: result: pass_all
configure:4126: checking how to run the C preprocessor
configure:4166: gcc -E  conftest.c
configure:4172: $? = 0
configure:4203: gcc -E  conftest.c
conftest.c:10:28: error: ac_nonexistent.h: No such file or directory
configure:4209: $? = 1
configure: failed program was:
| /* confdefs.h.  */
| #define PACKAGE_NAME ""
| #define PACKAGE_TARNAME ""
| #define PACKAGE_VERSION ""
| #define PACKAGE_STRING ""
| #define PACKAGE_BUGREPORT ""
| #define PACKAGE "fann"
| #define VERSION "2.1.0"
| /* end confdefs.h.  */
| #include <ac_nonexistent.h>
configure:4242: result: gcc -E
configure:4271: gcc -E  conftest.c
configure:4277: $? = 0
configure:4308: gcc -E  conftest.c
conftest.c:10:28: error: ac_nonexistent.h: No such file or directory
configure:4314: $? = 1
configure: failed program was:
| /* confdefs.h.  */
| #define PACKAGE_NAME ""
| #define PACKAGE_TARNAME ""
| #define PACKAGE_VERSION ""
| #define PACKAGE_STRING ""
| #define PACKAGE_BUGREPORT ""
| #define PACKAGE "fann"
| #define VERSION "2.1.0"
| /* end confdefs.h.  */
| #include <ac_nonexistent.h>
configure:4352: checking for ANSI C header files
configure:4382: gcc -c -g -O2  conftest.c >&5
configure:4388: $? = 0
configure:4487: gcc -o conftest -g -O2   conftest.c  >&5
configure:4490: $? = 0
configure:4496: ./conftest
configure:4499: $? = 0
configure:4516: result: yes
configure:4540: checking for sys/types.h
configure:4561: gcc -c -g -O2  conftest.c >&5
configure:4567: $? = 0
configure:4583: result: yes
configure:4540: checking for sys/stat.h
configure:4561: gcc -c -g -O2  conftest.c >&5
configure:4567: $? = 0
configure:4583: result: yes
configure:4540: checking for stdlib.h
configure:4561: gcc -c -g -O2  conftest.c >&5
configure:4567: $? = 0
configure:4583: result: yes
configure:4540: checking for string.h
configure:4561: gcc -c -g -O2  conftest.c >&5
configure:4567: $? = 0
configure:4583: result: yes
configure:4540: checking for memory.h
configure:4561: gcc -c -g -O2  conftest.c >&5
configure:4567: $? = 0
configure:4583: result: yes
configure:4540: checking for strings.h
configure:4561: gcc -c -g -O2  conftest.c >&5
configure:4567: $? = 0
configure:4583: result: yes
configure:4540: checking for inttypes.h
configure:4561: gcc -c -g -O2  conftest.c >&5
configure:4567: $? = 0
configure:4583: result: yes
configure:4540: checking for stdint.h
configure:4561: gcc -c -g -O2  conftest.c >&5
configure:4567: $? = 0
configure:4583: result: yes
configure:4540: checking for unistd.h
configure:4561: gcc -c -g -O2  conftest.c >&5
configure:4567: $? = 0
configure:4583: result: yes
configure:4610: checking dlfcn.h usability
configure:4627: gcc -c -g -O2  conftest.c >&5
configure:4633: $? = 0
configure:4647: result: yes
configure:4651: checking dlfcn.h presence
configure:4666: gcc -E  conftest.c
configure:4672: $? = 0
configure:4686: result: yes
configure:4714: checking for dlfcn.h
configure:4722: result: yes
configure:4793: checking for g++
configure:4809: found /usr/bin/g++
configure:4820: result: g++
configure:4851: checking for C++ compiler version
configure:4858: g++ --version >&5
g++ (GCC) 4.1.2 (Ubuntu 4.1.2-0ubuntu4)
Copyright (C) 2006 Free Software Foundation, Inc.
This is free software; see the source for copying conditions.  There is NO
warranty; not even for MERCHANTABILITY or FITNESS FOR A PARTICULAR PURPOSE.

configure:4861: $? = 0
configure:4868: g++ -v >&5
Using built-in specs.
Target: i486-linux-gnu
Configured with: ../src/configure -v --enable-languages=c,c++,fortran,objc,obj-c++,treelang --prefix=/usr --enable-shared --with-system-zlib --libexecdir=/usr/lib --without-included-gettext --enable-threads=posix --enable-nls --program-suffix=-4.1 --enable-__cxa_atexit --enable-clocale=gnu --enable-libstdcxx-debug --enable-mpfr --enable-checking=release i486-linux-gnu
Thread model: posix
gcc version 4.1.2 (Ubuntu 4.1.2-0ubuntu4)
configure:4871: $? = 0
configure:4878: g++ -V >&5
g++: '-V' option must have argument
configure:4881: $? = 1
configure:4884: checking whether we are using the GNU C++ compiler
configure:4913: g++ -c   conftest.cpp >&5
configure:4919: $? = 0
configure:4936: result: yes
configure:4941: checking whether g++ accepts -g
configure:4971: g++ -c -g  conftest.cpp >&5
configure:4977: $? = 0
configure:5076: result: yes
configure:5109: checking how to run the C++ preprocessor
configure:5145: g++ -E  conftest.cpp
configure:5151: $? = 0
configure:5182: g++ -E  conftest.cpp
conftest.cpp:21:28: error: ac_nonexistent.h: No such file or directory
configure:5188: $? = 1
configure: failed program was:
| /* confdefs.h.  */
| #define PACKAGE_NAME ""
| #define PACKAGE_TARNAME ""
| #define PACKAGE_VERSION ""
| #define PACKAGE_STRING ""
| #define PACKAGE_BUGREPORT ""
| #define PACKAGE "fann"
| #define VERSION "2.1.0"
| #define STDC_HEADERS 1
| #define HAVE_SYS_TYPES_H 1
| #define HAVE_SYS_STAT_H 1
| #define HAVE_STDLIB_H 1
| #define HAVE_STRING_H 1
| #define HAVE_MEMORY_H 1
| #define HAVE_STRINGS_H 1
| #define HAVE_INTTYPES_H 1
| #define HAVE_STDINT_H 1
| #define HAVE_UNISTD_H 1
| #define HAVE_DLFCN_H 1
| /* end confdefs.h.  */
| #include <ac_nonexistent.h>
configure:5221: result: g++ -E
configure:5250: g++ -E  conftest.cpp
configure:5256: $? = 0
configure:5287: g++ -E  conftest.cpp
conftest.cpp:21:28: error: ac_nonexistent.h: No such file or directory
configure:5293: $? = 1
configure: failed program was:
| /* confdefs.h.  */
| #define PACKAGE_NAME ""
| #define PACKAGE_TARNAME ""
| #define PACKAGE_VERSION ""
| #define PACKAGE_STRING ""
| #define PACKAGE_BUGREPORT ""
| #define PACKAGE "fann"
| #define VERSION "2.1.0"
| #define STDC_HEADERS 1
| #define HAVE_SYS_TYPES_H 1
| #define HAVE_SYS_STAT_H 1
| #define HAVE_STDLIB_H 1
| #define HAVE_STRING_H 1
| #define HAVE_MEMORY_H 1
| #define HAVE_STRINGS_H 1
| #define HAVE_INTTYPES_H 1
| #define HAVE_STDINT_H 1
| #define HAVE_UNISTD_H 1
| #define HAVE_DLFCN_H 1
| /* end confdefs.h.  */
| #include <ac_nonexistent.h>
configure:5386: checking for g77
configure:5416: result: no
configure:5386: checking for xlf
configure:5416: result: no
configure:5386: checking for f77
configure:5416: result: no
configure:5386: checking for frt
configure:5416: result: no
configure:5386: checking for pgf77
configure:5416: result: no
configure:5386: checking for cf77
configure:5416: result: no
configure:5386: checking for fort77
configure:5416: result: no
configure:5386: checking for fl32
configure:5416: result: no
configure:5386: checking for af77
configure:5416: result: no
configure:5386: checking for xlf90
configure:5416: result: no
configure:5386: checking for f90
configure:5416: result: no
configure:5386: checking for pgf90
configure:5416: result: no
configure:5386: checking for pghpf
configure:5416: result: no
configure:5386: checking for epcf90
configure:5416: result: no
configure:5386: checking for gfortran
configure:5416: result: no
configure:5386: checking for g95
configure:5416: result: no
configure:5386: checking for xlf95
configure:5416: result: no
configure:5386: checking for f95
configure:5416: result: no
configure:5386: checking for fort
configure:5416: result: no
configure:5386: checking for ifort
configure:5416: result: no
configure:5386: checking for ifc
configure:5416: result: no
configure:5386: checking for efc
configure:5416: result: no
configure:5386: checking for pgf95
configure:5416: result: no
configure:5386: checking for lf95
configure:5416: result: no
configure:5386: checking for ftn
configure:5416: result: no
configure:5443: checking for Fortran 77 compiler version
configure:5450:  --version >&5
./configure: line 5451: --version: command not found
configure:5453: $? = 127
configure:5460:  -v >&5
./configure: line 5461: -v: command not found
configure:5463: $? = 127
configure:5470:  -V >&5
./configure: line 5471: -V: command not found
configure:5473: $? = 127
configure:5481: checking whether we are using the GNU Fortran 77 compiler
configure:5500:  -c  conftest.F >&5
./configure: line 5501: -c: command not found
configure:5506: $? = 127
configure: failed program was:
|       program main
| #ifndef __GNUC__
|        choke me
| #endif
| 
|       end
configure:5523: result: no
configure:5529: checking whether  accepts -g
configure:5546:  -c -g conftest.f >&5
./configure: line 5547: -c: command not found
configure:5552: $? = 127
configure: failed program was:
|       program main
| 
|       end
configure:5568: result: no
configure:5598: checking the maximum length of command line arguments
configure:5707: result: 32768
configure:5718: checking command to parse /usr/bin/nm -B output from gcc object
configure:5823: gcc -c -g -O2  conftest.c >&5
configure:5826: $? = 0
configure:5830: /usr/bin/nm -B conftest.o \| sed -n -e 's/^.*[ 	]\([ABCDGIRSTW][ABCDGIRSTW]*\)[ 	][ 	]*\([_A-Za-z][_A-Za-z0-9]*\)$/\1 \2 \2/p' \> conftest.nm
configure:5833: $? = 0
configure:5885: gcc -o conftest -g -O2   conftest.c conftstm.o >&5
configure:5888: $? = 0
configure:5926: result: ok
configure:5930: checking for objdir
configure:5945: result: .libs
configure:6037: checking for ar
configure:6053: found /usr/bin/ar
configure:6064: result: ar
configure:6133: checking for ranlib
configure:6149: found /usr/bin/ranlib
configure:6160: result: ranlib
configure:6229: checking for strip
configure:6245: found /usr/bin/strip
configure:6256: result: strip
configure:6542: checking if gcc supports -fno-rtti -fno-exceptions
configure:6560: gcc -c -g -O2  -fno-rtti -fno-exceptions conftest.c >&5
cc1: warning: command line option "-fno-rtti" is valid for C++/ObjC++ but not for C
configure:6564: $? = 0
configure:6577: result: no
configure:6592: checking for gcc option to produce PIC
configure:6802: result: -fPIC
configure:6810: checking if gcc PIC flag -fPIC works
configure:6828: gcc -c -g -O2  -fPIC -DPIC conftest.c >&5
configure:6832: $? = 0
configure:6845: result: yes
configure:6873: checking if gcc static flag -static works
configure:6901: result: yes
configure:6911: checking if gcc supports -c -o file.o
configure:6932: gcc -c -g -O2  -o out/conftest2.o conftest.c >&5
configure:6936: $? = 0
configure:6958: result: yes
configure:6984: checking whether the gcc linker (/usr/bin/ld) supports shared libraries
configure:7939: result: yes
configure:7960: checking whether -lc should be explicitly linked in
configure:7965: gcc -c -g -O2  conftest.c >&5
configure:7968: $? = 0
configure:7983: gcc -shared conftest.o  -v -Wl,-soname -Wl,conftest -o conftest 2\>\&1 \| grep  -lc  \>/dev/null 2\>\&1
configure:7986: $? = 0
configure:7998: result: no
configure:8006: checking dynamic linker characteristics
configure:8582: result: GNU/Linux ld.so
configure:8591: checking how to hardcode library paths into programs
configure:8616: result: immediate
configure:8630: checking whether stripping libraries is possible
configure:8635: result: yes
configure:9436: checking if libtool supports shared libraries
configure:9438: result: yes
configure:9441: checking whether to build shared libraries
configure:9462: result: yes
configure:9465: checking whether to build static libraries
configure:9469: result: yes
configure:9561: creating libtool
configure:10149: checking for ld used by g++
configure:10216: result: /usr/bin/ld
configure:10225: checking if the linker (/usr/bin/ld) is GNU ld
configure:10240: result: yes
configure:10291: checking whether the g++ linker (/usr/bin/ld) supports shared libraries
configure:11225: result: yes
configure:11243: g++ -c -g -O2  conftest.cpp >&5
configure:11246: $? = 0
configure:11365: checking for g++ option to produce PIC
configure:11639: result: -fPIC
configure:11647: checking if g++ PIC flag -fPIC works
configure:11665: g++ -c -g -O2  -fPIC -DPIC conftest.cpp >&5
configure:11669: $? = 0
configure:11682: result: yes
configure:11710: checking if g++ static flag -static works
configure:11738: result: yes
configure:11748: checking if g++ supports -c -o file.o
configure:11769: g++ -c -g -O2  -o out/conftest2.o conftest.cpp >&5
configure:11773: $? = 0
configure:11795: result: yes
configure:11821: checking whether the g++ linker (/usr/bin/ld) supports shared libraries
configure:11849: result: yes
configure:11916: checking dynamic linker characteristics
configure:12492: result: GNU/Linux ld.so
configure:12501: checking how to hardcode library paths into programs
configure:12526: result: immediate
configure:18644: checking for ANSI C header files
configure:18808: result: yes
configure:18818: checking for an ANSI C-conforming const
configure:18893: gcc -c -g -O2  conftest.c >&5
configure:18899: $? = 0
configure:18914: result: yes
configure:18924: checking whether time.h and sys/time.h may both be included
configure:18954: gcc -c -g -O2  conftest.c >&5
configure:18960: $? = 0
configure:18975: result: yes
configure:18989: checking for gettimeofday
configure:19045: gcc -o conftest -g -O2   conftest.c  >&5
configure:19051: $? = 0
configure:19069: result: yes
configure:19353: creating ./config.status

## ---------------------- ##
## Running config.status. ##
## ---------------------- ##

This file was extended by config.status, which was
generated by GNU Autoconf 2.61.  Invocation command line was

  CONFIG_FILES    = 
  CONFIG_HEADERS  = 
  CONFIG_LINKS    = 
  CONFIG_COMMANDS = 
  $ ./config.status 

on luke

config.status:670: creating Makefile
config.status:805: WARNING:  Makefile.in seems to ignore the --datarootdir setting
config.status:670: creating src/Makefile
config.status:805: WARNING:  src/Makefile.in seems to ignore the --datarootdir setting
config.status:670: creating src/include/Makefile
config.status:805: WARNING:  src/include/Makefile.in seems to ignore the --datarootdir setting
config.status:670: creating fann.pc
config.status:670: creating fann.spec
config.status:670: creating src/include/config.h
config.status:907: executing default-1 commands

## ---------------- ##
## Cache variables. ##
## ---------------- ##

ac_cv_build=i686-pc-linux-gnu
ac_cv_c_compiler_gnu=yes
ac_cv_c_const=yes
ac_cv_cxx_compiler_gnu=yes
ac_cv_env_CCC_set=
ac_cv_env_CCC_value=
ac_cv_env_CC_set=
ac_cv_env_CC_value=
ac_cv_env_CFLAGS_set=
ac_cv_env_CFLAGS_value=
ac_cv_env_CPPFLAGS_set=
ac_cv_env_CPPFLAGS_value=
ac_cv_env_CPP_set=
ac_cv_env_CPP_value=
ac_cv_env_CXXCPP_set=
ac_cv_env_CXXCPP_value=
ac_cv_env_CXXFLAGS_set=
ac_cv_env_CXXFLAGS_value=
ac_cv_env_CXX_set=
ac_cv_env_CXX_value=
ac_cv_env_F77_set=
ac_cv_env_F77_value=
ac_cv_env_FFLAGS_set=
ac_cv_env_FFLAGS_value=
ac_cv_env_LDFLAGS_set=
ac_cv_env_LDFLAGS_value=
ac_cv_env_LIBS_set=
ac_cv_env_LIBS_value=
ac_cv_env_build_alias_set=
ac_cv_env_build_alias_value=
ac_cv_env_host_alias_set=
ac_cv_env_host_alias_value=
ac_cv_env_target_alias_set=
ac_cv_env_target_alias_value=
ac_cv_f77_compiler_gnu=no
ac_cv_func_gettimeofday=yes
ac_cv_header_dlfcn_h=yes
ac_cv_header_inttypes_h=yes
ac_cv_header_memory_h=yes
ac_cv_header_stdc=yes
ac_cv_header_stdint_h=yes
ac_cv_header_stdlib_h=yes
ac_cv_header_string_h=yes
ac_cv_header_strings_h=yes
ac_cv_header_sys_stat_h=yes
ac_cv_header_sys_types_h=yes
ac_cv_header_time=yes
ac_cv_header_unistd_h=yes
ac_cv_host=i686-pc-linux-gnu
ac_cv_objext=o
ac_cv_path_EGREP='/bin/grep -E'
ac_cv_path_GREP=/bin/grep
ac_cv_path_install='/usr/bin/install -c'
ac_cv_prog_CPP='gcc -E'
ac_cv_prog_CXXCPP='g++ -E'
ac_cv_prog_ac_ct_AR=ar
ac_cv_prog_ac_ct_CC=gcc
ac_cv_prog_ac_ct_CXX=g++
ac_cv_prog_ac_ct_RANLIB=ranlib
ac_cv_prog_ac_ct_STRIP=strip
ac_cv_prog_cc_c89=
ac_cv_prog_cc_g=yes
ac_cv_prog_cxx_g=yes
ac_cv_prog_f77_g=no
ac_cv_prog_make_make_set=yes
lt_cv_deplibs_check_method=pass_all
lt_cv_file_magic_cmd='$MAGIC_CMD'
lt_cv_file_magic_test_file=
lt_cv_ld_reload_flag=-r
lt_cv_objdir=.libs
lt_cv_path_LD=/usr/bin/ld
lt_cv_path_LDCXX=/usr/bin/ld
lt_cv_path_NM='/usr/bin/nm -B'
lt_cv_path_SED=/bin/sed
lt_cv_prog_compiler_c_o=yes
lt_cv_prog_compiler_c_o_CXX=yes
lt_cv_prog_compiler_rtti_exceptions=no
lt_cv_prog_gnu_ld=yes
lt_cv_prog_gnu_ldcxx=yes
lt_cv_sys_global_symbol_pipe='sed -n -e '\''s/^.*[ 	]\([ABCDGIRSTW][ABCDGIRSTW]*\)[ 	][ 	]*\([_A-Za-z][_A-Za-z0-9]*\)$/\1 \2 \2/p'\'''
lt_cv_sys_global_symbol_to_c_name_address='sed -n -e '\''s/^: \([^ ]*\) $/  {\"\1\", (lt_ptr) 0},/p'\'' -e '\''s/^[BCDEGRST] \([^ ]*\) \([^ ]*\)$/  {"\2", (lt_ptr) \&\2},/p'\'''
lt_cv_sys_global_symbol_to_cdecl='sed -n -e '\''s/^. .* \(.*\)$/extern int \1;/p'\'''
lt_cv_sys_max_cmd_len=32768
lt_lt_cv_prog_compiler_c_o='"yes"'
lt_lt_cv_prog_compiler_c_o_CXX='"yes"'
lt_lt_cv_sys_global_symbol_pipe='"sed -n -e '\''s/^.*[ 	]\\([ABCDGIRSTW][ABCDGIRSTW]*\\)[ 	][ 	]*\\([_A-Za-z][_A-Za-z0-9]*\\)\$/\\1 \\2 \\2/p'\''"'
lt_lt_cv_sys_global_symbol_to_c_name_address='"sed -n -e '\''s/^: \\([^ ]*\\) \$/  {\\\"\\1\\\", (lt_ptr) 0},/p'\'' -e '\''s/^[BCDEGRST] \\([^ ]*\\) \\([^ ]*\\)\$/  {\"\\2\", (lt_ptr) \\&\\2},/p'\''"'
lt_lt_cv_sys_global_symbol_to_cdecl='"sed -n -e '\''s/^. .* \\(.*\\)\$/extern int \\1;/p'\''"'

## ----------------- ##
## Output variables. ##
## ----------------- ##

ACLOCAL='aclocal-1.4'
ALPHA_FALSE=''
ALPHA_TRUE='#'
AR='ar'
ARM_FALSE=''
ARM_TRUE='#'
AUTOCONF='autoconf'
AUTOHEADER='autoheader'
AUTOMAKE='automake-1.4'
CC='gcc'
CFLAGS='-g -O2'
CPP='gcc -E'
CPPFLAGS=''
CRIS32_FALSE=''
CRIS32_TRUE='#'
CXX='g++'
CXXCPP='g++ -E'
CXXFLAGS='-g -O2'
DEFS='-DHAVE_CONFIG_H'
ECHO='echo'
ECHO_C=''
ECHO_N='-n'
ECHO_T=''
EGREP='/bin/grep -E'
EXEEXT=''
F77=''
FFLAGS=''
GREP='/bin/grep'
IA64_FALSE=''
IA64_TRUE='#'
INSTALL_DATA='${INSTALL} -m 644'
INSTALL_PROGRAM='${INSTALL}'
INSTALL_SCRIPT='${INSTALL}'
LDFLAGS=''
LIBOBJS=''
LIBS=''
LIBTOOL='$(SHELL) $(top_builddir)/libtool'
LN_S='ln -s'
LTLIBOBJS=''
M68K_FALSE=''
M68K_TRUE='#'
MAKEINFO='makeinfo'
OBJEXT='o'
PACKAGE='fann'
PACKAGE_BUGREPORT=''
PACKAGE_NAME=''
PACKAGE_STRING=''
PACKAGE_TARNAME=''
PACKAGE_VERSION=''
PATH_SEPARATOR=':'
POWERPC_AIX_FALSE=''
POWERPC_AIX_TRUE='#'
POWERPC_DARWIN_FALSE=''
POWERPC_DARWIN_TRUE='#'
POWERPC_FALSE=''
POWERPC_TRUE='#'
RANLIB='ranlib'
S390_FALSE=''
S390_TRUE='#'
SET_MAKE=''
SHELL='/bin/bash'
SH_FALSE=''
SH_TRUE='#'
SPARC_FALSE=''
SPARC_TRUE='#'
STRIP='strip'
VERSION='2.1.0'
X86_64_FALSE=''
X86_64_TRUE='#'
X86_FALSE='#'
X86_TRUE=''
X86_WIN32_FALSE=''
X86_WIN32_TRUE='#'
ac_ct_CC='gcc'
ac_ct_CXX='g++'
ac_ct_F77=''
bindir='${exec_prefix}/bin'
build='i686-pc-linux-gnu'
build_alias=''
build_cpu='i686'
build_os='linux-gnu'
build_vendor='pc'
datadir='${datarootdir}'
datarootdir='${prefix}/share'
docdir='${datarootdir}/doc/${PACKAGE}'
dvidir='${docdir}'
exec_prefix='${prefix}'
host='i686-pc-linux-gnu'
host_alias=''
host_cpu='i686'
host_os='linux-gnu'
host_vendor='pc'
htmldir='${docdir}'
includedir='${prefix}/include'
infodir='${datarootdir}/info'
libdir='${exec_prefix}/lib'
libexecdir='${exec_prefix}/libexec'
localedir='${datarootdir}/locale'
localstatedir='${prefix}/var'
mandir='${datarootdir}/man'
oldincludedir='/usr/include'
pdfdir='${docdir}'
prefix='/usr/local'
program_transform_name='s,x,x,'
psdir='${docdir}'
sbindir='${exec_prefix}/sbin'
sharedstatedir='${prefix}/com'
sysconfdir='${prefix}/etc'
target_alias=''

## ----------- ##
## confdefs.h. ##
## ----------- ##

#define PACKAGE_NAME ""
#define PACKAGE_TARNAME ""
#define PACKAGE_VERSION ""
#define PACKAGE_STRING ""
#define PACKAGE_BUGREPORT ""
#define PACKAGE "fann"
#define VERSION "2.1.0"
#define STDC_HEADERS 1
#define HAVE_SYS_TYPES_H 1
#define HAVE_SYS_STAT_H 1
#define HAVE_STDLIB_H 1
#define HAVE_STRING_H 1
#define HAVE_MEMORY_H 1
#define HAVE_STRINGS_H 1
#define HAVE_INTTYPES_H 1
#define HAVE_STDINT_H 1
#define HAVE_UNISTD_H 1
#define HAVE_DLFCN_H 1
#define STDC_HEADERS 1
#define TIME_WITH_SYS_TIME 1
#define HAVE_GETTIMEOFDAY 1

configure: exit 0

## ---------------------- ##
## Running config.status. ##
## ---------------------- ##

This file was extended by config.status, which was
generated by GNU Autoconf 2.61.  Invocation command line was

  CONFIG_FILES    = src/include/Makefile
  CONFIG_HEADERS  = 
  CONFIG_LINKS    = 
  CONFIG_COMMANDS = 
  $ ./config.status 

on luke

config.status:670: creating src/include/Makefile
config.status:805: WARNING:  src/include/Makefile.in seems to ignore the --datarootdir setting
config.status:907: executing default-1 commands
